\BOOKMARK [1][-]{section.1}{Introduction}{}% 1
\BOOKMARK [1][-]{section.2}{Experimental Setup}{}% 2
\BOOKMARK [1][-]{section.3}{Measurement Procedure}{}% 3
\BOOKMARK [1][-]{section.4}{Results}{}% 4
\BOOKMARK [2][-]{subsection.4.1}{I-V Relation}{section.4}% 5
\BOOKMARK [2][-]{subsection.4.2}{P-V and P-R Relation}{section.4}% 6
\BOOKMARK [2][-]{subsection.4.3}{Maximum Output Power}{section.4}% 7
\BOOKMARK [2][-]{subsection.4.4}{Fill Factor \(Single Configuration\)}{section.4}% 8
\BOOKMARK [2][-]{subsection.4.5}{Energy Conversion Efficiency \(Single Configuration\)}{section.4}% 9
\BOOKMARK [1][-]{section.5}{Conclusions and Discussion}{}% 10
\BOOKMARK [2][-]{subsection.5.1}{I-V, P-V, P-R Relation}{section.5}% 11
\BOOKMARK [2][-]{subsection.5.2}{Parameters of the solar cell}{section.5}% 12
\BOOKMARK [2][-]{subsection.5.3}{Causes for errors and uncertainties}{section.5}% 13
\BOOKMARK [2][-]{subsection.5.4}{Suggestions}{section.5}% 14
\BOOKMARK [2][-]{subsection.5.5}{Conclusions}{section.5}% 15
\BOOKMARK [1][-]{appendix.A}{Measurement Uncertainty Analysis}{}% 16
\BOOKMARK [2][-]{subsection.A.1}{Uncertainty of I, V}{appendix.A}% 17
\BOOKMARK [2][-]{subsection.A.2}{Uncertainty of P, R}{appendix.A}% 18
\BOOKMARK [2][-]{subsection.A.3}{Uncertainty of Fill Factor \(Single Configuration\)}{appendix.A}% 19
\BOOKMARK [2][-]{subsection.A.4}{Uncertainty of Energy Conversion Efficiency \(Single Configuration\)}{appendix.A}% 20
\BOOKMARK [1][-]{appendix.B}{Data Sheet}{}% 21
