This is pdfTeX, Version 3.14159265-2.6-1.40.20 (TeX Live 2019/W32TeX) (preloaded format=pdflatex 2020.2.27)  28 FEB 2020 18:22
entering extended mode
 restricted \write18 enabled.
 file:line:error style messages enabled.
 %&-line parsing enabled.
**"d:/ALL/Study/JI Courses/2019Fall/Vp241/Mylabreport/lab4/LaTeXscript/lab4_518021911220_KangJiaming"
(d:/ALL/Study/JI Courses/2019Fall/Vp241/Mylabreport/lab4/LaTeXscript/lab4_518021911220_KangJiaming.tex
LaTeX2e <2018-12-01>
(d:/Program Files/texlive/2019/texmf-dist/tex/latex/base/article.cls
Document Class: article 2018/09/03 v1.4i Standard LaTeX document class
(d:/Program Files/texlive/2019/texmf-dist/tex/latex/base/size10.clo
File: size10.clo 2018/09/03 v1.4i Standard LaTeX file (size option)
)
\c@part=\count80
\c@section=\count81
\c@subsection=\count82
\c@subsubsection=\count83
\c@paragraph=\count84
\c@subparagraph=\count85
\c@figure=\count86
\c@table=\count87
\abovecaptionskip=\skip41
\belowcaptionskip=\skip42
\bibindent=\dimen102
)
   defining Unicode char U+FB01 (decimal 64257)
   defining Unicode char U+03B8 (decimal 952)
 (d:/Program Files/texlive/2019/texmf-dist/tex/latex/graphics/color.sty
Package: color 2016/07/10 v1.1e Standard LaTeX Color (DPC)
 (d:/Program Files/texlive/2019/texmf-dist/tex/latex/graphics-cfg/color.cfg
File: color.cfg 2016/01/02 v1.6 sample color configuration
)
Package color Info: Driver file: pdftex.def on input line 147.
 (d:/Program Files/texlive/2019/texmf-dist/tex/latex/graphics-def/pdftex.def
File: pdftex.def 2018/01/08 v1.0l Graphics/color driver for pdftex
)) (d:/Program Files/texlive/2019/texmf-dist/tex/latex/graphics/graphicx.sty
Package: graphicx 2017/06/01 v1.1a Enhanced LaTeX Graphics (DPC,SPQR)
 (d:/Program Files/texlive/2019/texmf-dist/tex/latex/graphics/keyval.sty
Package: keyval 2014/10/28 v1.15 key=value parser (DPC)
\KV@toks@=\toks14
) (d:/Program Files/texlive/2019/texmf-dist/tex/latex/graphics/graphics.sty
Package: graphics 2017/06/25 v1.2c Standard LaTeX Graphics (DPC,SPQR)
 (d:/Program Files/texlive/2019/texmf-dist/tex/latex/graphics/trig.sty
Package: trig 2016/01/03 v1.10 sin cos tan (DPC)
) (d:/Program Files/texlive/2019/texmf-dist/tex/latex/graphics-cfg/graphics.cfg
File: graphics.cfg 2016/06/04 v1.11 sample graphics configuration
)
Package graphics Info: Driver file: pdftex.def on input line 99.
)
\Gin@req@height=\dimen103
\Gin@req@width=\dimen104
) (d:/Program Files/texlive/2019/texmf-dist/tex/latex/amsmath/amsmath.sty
Package: amsmath 2018/12/01 v2.17b AMS math features
\@mathmargin=\skip43

For additional information on amsmath, use the `?' option.
(d:/Program Files/texlive/2019/texmf-dist/tex/latex/amsmath/amstext.sty
Package: amstext 2000/06/29 v2.01 AMS text
 (d:/Program Files/texlive/2019/texmf-dist/tex/latex/amsmath/amsgen.sty
File: amsgen.sty 1999/11/30 v2.0 generic functions
\@emptytoks=\toks15
\ex@=\dimen105
)) (d:/Program Files/texlive/2019/texmf-dist/tex/latex/amsmath/amsbsy.sty
Package: amsbsy 1999/11/29 v1.2d Bold Symbols
\pmbraise@=\dimen106
) (d:/Program Files/texlive/2019/texmf-dist/tex/latex/amsmath/amsopn.sty
Package: amsopn 2016/03/08 v2.02 operator names
)
\inf@bad=\count88
LaTeX Info: Redefining \frac on input line 223.
\uproot@=\count89
\leftroot@=\count90
LaTeX Info: Redefining \overline on input line 385.
\classnum@=\count91
\DOTSCASE@=\count92
LaTeX Info: Redefining \ldots on input line 482.
LaTeX Info: Redefining \dots on input line 485.
LaTeX Info: Redefining \cdots on input line 606.
\Mathstrutbox@=\box27
\strutbox@=\box28
\big@size=\dimen107
LaTeX Font Info:    Redeclaring font encoding OML on input line 729.
LaTeX Font Info:    Redeclaring font encoding OMS on input line 730.
\macc@depth=\count93
\c@MaxMatrixCols=\count94
\dotsspace@=\muskip10
\c@parentequation=\count95
\dspbrk@lvl=\count96
\tag@help=\toks16
\row@=\count97
\column@=\count98
\maxfields@=\count99
\andhelp@=\toks17
\eqnshift@=\dimen108
\alignsep@=\dimen109
\tagshift@=\dimen110
\tagwidth@=\dimen111
\totwidth@=\dimen112
\lineht@=\dimen113
\@envbody=\toks18
\multlinegap=\skip44
\multlinetaggap=\skip45
\mathdisplay@stack=\toks19
LaTeX Info: Redefining \[ on input line 2844.
LaTeX Info: Redefining \] on input line 2845.
) (d:/Program Files/texlive/2019/texmf-dist/tex/latex/tools/bm.sty
Package: bm 2017/01/16 v1.2c Bold Symbol Support (DPC/FMi)
\symboldoperators=\mathgroup4
\symboldletters=\mathgroup5
\symboldsymbols=\mathgroup6
LaTeX Font Info:    Redeclaring math alphabet \mathbf on input line 141.
LaTeX Info: Redefining \bm on input line 207.
) (d:/Program Files/texlive/2019/texmf-dist/tex/latex/tools/enumerate.sty
Package: enumerate 2015/07/23 v3.00 enumerate extensions (DPC)
\@enLab=\toks20
) (d:/Program Files/texlive/2019/texmf-dist/tex/latex/booktabs/booktabs.sty
Package: booktabs 2016/04/27 v1.618033 publication quality tables
\heavyrulewidth=\dimen114
\lightrulewidth=\dimen115
\cmidrulewidth=\dimen116
\belowrulesep=\dimen117
\belowbottomsep=\dimen118
\aboverulesep=\dimen119
\abovetopsep=\dimen120
\cmidrulesep=\dimen121
\cmidrulekern=\dimen122
\defaultaddspace=\dimen123
\@cmidla=\count100
\@cmidlb=\count101
\@aboverulesep=\dimen124
\@belowrulesep=\dimen125
\@thisruleclass=\count102
\@lastruleclass=\count103
\@thisrulewidth=\dimen126
) (d:/Program Files/texlive/2019/texmf-dist/tex/latex/cite/cite.sty
LaTeX Info: Redefining \cite on input line 302.
LaTeX Info: Redefining \nocite on input line 332.
Package: cite 2015/02/27  v 5.5
) (d:/Program Files/texlive/2019/texmf-dist/tex/latex/geometry/geometry.sty
Package: geometry 2018/04/16 v5.8 Page Geometry
 (d:/Program Files/texlive/2019/texmf-dist/tex/generic/oberdiek/ifpdf.sty
Package: ifpdf 2018/09/07 v3.3 Provides the ifpdf switch
) (d:/Program Files/texlive/2019/texmf-dist/tex/generic/oberdiek/ifvtex.sty
Package: ifvtex 2016/05/16 v1.6 Detect VTeX and its facilities (HO)
Package ifvtex Info: VTeX not detected.
) (d:/Program Files/texlive/2019/texmf-dist/tex/generic/ifxetex/ifxetex.sty
Package: ifxetex 2010/09/12 v0.6 Provides ifxetex conditional
)
\Gm@cnth=\count104
\Gm@cntv=\count105
\c@Gm@tempcnt=\count106
\Gm@bindingoffset=\dimen127
\Gm@wd@mp=\dimen128
\Gm@odd@mp=\dimen129
\Gm@even@mp=\dimen130
\Gm@layoutwidth=\dimen131
\Gm@layoutheight=\dimen132
\Gm@layouthoffset=\dimen133
\Gm@layoutvoffset=\dimen134
\Gm@dimlist=\toks21
) (d:/Program Files/texlive/2019/texmf-dist/tex/latex/url/url.sty
\Urlmuskip=\muskip11
Package: url 2013/09/16  ver 3.4  Verb mode for urls, etc.
) (d:/Program Files/texlive/2019/texmf-dist/tex/latex/float/float.sty
Package: float 2001/11/08 v1.3d Float enhancements (AL)
\c@float@type=\count107
\float@exts=\toks22
\float@box=\box29
\@float@everytoks=\toks23
\@floatcapt=\box30
) (d:/Program Files/texlive/2019/texmf-dist/tex/latex/tools/indentfirst.sty
Package: indentfirst 1995/11/23 v1.03 Indent first paragraph (DPC)
) (d:/Program Files/texlive/2019/texmf-dist/tex/generic/ulem/ulem.sty
\UL@box=\box31
\UL@hyphenbox=\box32
\UL@skip=\skip46
\UL@hook=\toks24
\UL@height=\dimen135
\UL@pe=\count108
\UL@pixel=\dimen136
\ULC@box=\box33
Package: ulem 2012/05/18
\ULdepth=\dimen137
) (d:/Program Files/texlive/2019/texmf-dist/tex/latex/hyperref/hyperref.sty
Package: hyperref 2018/11/30 v6.88e Hypertext links for LaTeX
 (d:/Program Files/texlive/2019/texmf-dist/tex/generic/oberdiek/hobsub-hyperref.sty
Package: hobsub-hyperref 2016/05/16 v1.14 Bundle oberdiek, subset hyperref (HO)
 (d:/Program Files/texlive/2019/texmf-dist/tex/generic/oberdiek/hobsub-generic.sty
Package: hobsub-generic 2016/05/16 v1.14 Bundle oberdiek, subset generic (HO)
Package: hobsub 2016/05/16 v1.14 Construct package bundles (HO)
Package: infwarerr 2016/05/16 v1.4 Providing info/warning/error messages (HO)
Package: ltxcmds 2016/05/16 v1.23 LaTeX kernel commands for general use (HO)
Package: ifluatex 2016/05/16 v1.4 Provides the ifluatex switch (HO)
Package ifluatex Info: LuaTeX not detected.
Package hobsub Info: Skipping package `ifvtex' (already loaded).
Package: intcalc 2016/05/16 v1.2 Expandable calculations with integers (HO)
Package hobsub Info: Skipping package `ifpdf' (already loaded).
Package: etexcmds 2016/05/16 v1.6 Avoid name clashes with e-TeX commands (HO)
Package: kvsetkeys 2016/05/16 v1.17 Key value parser (HO)
Package: kvdefinekeys 2016/05/16 v1.4 Define keys (HO)
Package: pdftexcmds 2018/09/10 v0.29 Utility functions of pdfTeX for LuaTeX (HO)
Package pdftexcmds Info: LuaTeX not detected.
Package pdftexcmds Info: \pdf@primitive is available.
Package pdftexcmds Info: \pdf@ifprimitive is available.
Package pdftexcmds Info: \pdfdraftmode found.
Package: pdfescape 2016/05/16 v1.14 Implements pdfTeX's escape features (HO)
Package: bigintcalc 2016/05/16 v1.4 Expandable calculations on big integers (HO)
Package: bitset 2016/05/16 v1.2 Handle bit-vector datatype (HO)
Package: uniquecounter 2016/05/16 v1.3 Provide unlimited unique counter (HO)
)
Package hobsub Info: Skipping package `hobsub' (already loaded).
Package: letltxmacro 2016/05/16 v1.5 Let assignment for LaTeX macros (HO)
Package: hopatch 2016/05/16 v1.3 Wrapper for package hooks (HO)
Package: xcolor-patch 2016/05/16 xcolor patch
Package: atveryend 2016/05/16 v1.9 Hooks at the very end of document (HO)
Package atveryend Info: \enddocument detected (standard20110627).
Package: atbegshi 2016/06/09 v1.18 At begin shipout hook (HO)
Package: refcount 2016/05/16 v3.5 Data extraction from label references (HO)
Package: hycolor 2016/05/16 v1.8 Color options for hyperref/bookmark (HO)
) (d:/Program Files/texlive/2019/texmf-dist/tex/latex/oberdiek/auxhook.sty
Package: auxhook 2016/05/16 v1.4 Hooks for auxiliary files (HO)
) (d:/Program Files/texlive/2019/texmf-dist/tex/latex/oberdiek/kvoptions.sty
Package: kvoptions 2016/05/16 v3.12 Key value format for package options (HO)
)
\@linkdim=\dimen138
\Hy@linkcounter=\count109
\Hy@pagecounter=\count110
 (d:/Program Files/texlive/2019/texmf-dist/tex/latex/hyperref/pd1enc.def
File: pd1enc.def 2018/11/30 v6.88e Hyperref: PDFDocEncoding definition (HO)
Now handling font encoding PD1 ...
... no UTF-8 mapping file for font encoding PD1
)
\Hy@SavedSpaceFactor=\count111
 (d:/Program Files/texlive/2019/texmf-dist/tex/latex/latexconfig/hyperref.cfg
File: hyperref.cfg 2002/06/06 v1.2 hyperref configuration of TeXLive
)
Package hyperref Info: Option `colorlinks' set `true' on input line 4393.
Package hyperref Info: Hyper figures OFF on input line 4519.
Package hyperref Info: Link nesting OFF on input line 4524.
Package hyperref Info: Hyper index ON on input line 4527.
Package hyperref Info: Plain pages OFF on input line 4534.
Package hyperref Info: Backreferencing OFF on input line 4539.
Package hyperref Info: Implicit mode ON; LaTeX internals redefined.
Package hyperref Info: Bookmarks ON on input line 4772.
\c@Hy@tempcnt=\count112
LaTeX Info: Redefining \url on input line 5125.
\XeTeXLinkMargin=\dimen139
\Fld@menulength=\count113
\Field@Width=\dimen140
\Fld@charsize=\dimen141
Package hyperref Info: Hyper figures OFF on input line 6380.
Package hyperref Info: Link nesting OFF on input line 6385.
Package hyperref Info: Hyper index ON on input line 6388.
Package hyperref Info: backreferencing OFF on input line 6395.
Package hyperref Info: Link coloring ON on input line 6398.
Package hyperref Info: Link coloring with OCG OFF on input line 6405.
Package hyperref Info: PDF/A mode OFF on input line 6410.
LaTeX Info: Redefining \ref on input line 6450.
LaTeX Info: Redefining \pageref on input line 6454.
\Hy@abspage=\count114
\c@Item=\count115
\c@Hfootnote=\count116
)
Package hyperref Info: Driver (autodetected): hpdftex.
 (d:/Program Files/texlive/2019/texmf-dist/tex/latex/hyperref/hpdftex.def
File: hpdftex.def 2018/11/30 v6.88e Hyperref driver for pdfTeX
\Fld@listcount=\count117
\c@bookmark@seq@number=\count118
 (d:/Program Files/texlive/2019/texmf-dist/tex/latex/oberdiek/rerunfilecheck.sty
Package: rerunfilecheck 2016/05/16 v1.8 Rerun checks for auxiliary files (HO)
Package uniquecounter Info: New unique counter `rerunfilecheck' on input line 282.
)
\Hy@SectionHShift=\skip47
) (d:/Program Files/texlive/2019/texmf-dist/tex/latex/multirow/multirow.sty
Package: multirow 2019/01/01 v2.4 Span multiple rows of a table
\multirow@colwidth=\skip48
\multirow@cntb=\count119
\multirow@dima=\skip49
\bigstrutjot=\dimen142
) (d:/Program Files/texlive/2019/texmf-dist/tex/latex/amsfonts/amssymb.sty
Package: amssymb 2013/01/14 v3.01 AMS font symbols
 (d:/Program Files/texlive/2019/texmf-dist/tex/latex/amsfonts/amsfonts.sty
Package: amsfonts 2013/01/14 v3.01 Basic AMSFonts support
\symAMSa=\mathgroup7
\symAMSb=\mathgroup8
LaTeX Font Info:    Overwriting math alphabet `\mathfrak' in version `bold'
(Font)                  U/euf/m/n --> U/euf/b/n on input line 106.
)) (d:/Program Files/texlive/2019/texmf-dist/tex/latex/pdfpages/pdfpages.sty
Package: pdfpages 2017/10/31 v0.5l Insert pages of external PDF documents (AM)
 (d:/Program Files/texlive/2019/texmf-dist/tex/latex/base/ifthen.sty
Package: ifthen 2014/09/29 v1.1c Standard LaTeX ifthen package (DPC)
) (d:/Program Files/texlive/2019/texmf-dist/tex/latex/tools/calc.sty
Package: calc 2017/05/25 v4.3 Infix arithmetic (KKT,FJ)
\calc@Acount=\count120
\calc@Bcount=\count121
\calc@Adimen=\dimen143
\calc@Bdimen=\dimen144
\calc@Askip=\skip50
\calc@Bskip=\skip51
LaTeX Info: Redefining \setlength on input line 80.
LaTeX Info: Redefining \addtolength on input line 81.
\calc@Ccount=\count122
\calc@Cskip=\skip52
) (d:/Program Files/texlive/2019/texmf-dist/tex/latex/eso-pic/eso-pic.sty
Package: eso-pic 2018/04/12 v2.0h eso-pic (RN)
)
\AM@pagewidth=\dimen145
\AM@pageheight=\dimen146
 (d:/Program Files/texlive/2019/texmf-dist/tex/latex/pdfpages/pppdftex.def
File: pppdftex.def 2017/10/31 v0.5l Pdfpages driver for pdfTeX (AM)
)
\AM@pagebox=\box34
\AM@global@opts=\toks25
\AM@toc@title=\toks26
\c@AM@survey=\count123
\AM@templatesizebox=\box35
) (./lab4_518021911220_KangJiaming.aux)
\openout1 = `lab4_518021911220_KangJiaming.aux'.

LaTeX Font Info:    Checking defaults for OML/cmm/m/it on input line 24.
LaTeX Font Info:    ... okay on input line 24.
LaTeX Font Info:    Checking defaults for T1/cmr/m/n on input line 24.
LaTeX Font Info:    ... okay on input line 24.
LaTeX Font Info:    Checking defaults for OT1/cmr/m/n on input line 24.
LaTeX Font Info:    ... okay on input line 24.
LaTeX Font Info:    Checking defaults for OMS/cmsy/m/n on input line 24.
LaTeX Font Info:    ... okay on input line 24.
LaTeX Font Info:    Checking defaults for OMX/cmex/m/n on input line 24.
LaTeX Font Info:    ... okay on input line 24.
LaTeX Font Info:    Checking defaults for U/cmr/m/n on input line 24.
LaTeX Font Info:    ... okay on input line 24.
LaTeX Font Info:    Checking defaults for PD1/pdf/m/n on input line 24.
LaTeX Font Info:    ... okay on input line 24.
 (d:/Program Files/texlive/2019/texmf-dist/tex/context/base/mkii/supp-pdf.mkii
[Loading MPS to PDF converter (version 2006.09.02).]
\scratchcounter=\count124
\scratchdimen=\dimen147
\scratchbox=\box36
\nofMPsegments=\count125
\nofMParguments=\count126
\everyMPshowfont=\toks27
\MPscratchCnt=\count127
\MPscratchDim=\dimen148
\MPnumerator=\count128
\makeMPintoPDFobject=\count129
\everyMPtoPDFconversion=\toks28
) (d:/Program Files/texlive/2019/texmf-dist/tex/latex/oberdiek/epstopdf-base.sty
Package: epstopdf-base 2016/05/15 v2.6 Base part for package epstopdf
 (d:/Program Files/texlive/2019/texmf-dist/tex/latex/oberdiek/grfext.sty
Package: grfext 2016/05/16 v1.2 Manage graphics extensions (HO)
)
Package epstopdf-base Info: Redefining graphics rule for `.eps' on input line 438.
Package grfext Info: Graphics extension search list:
(grfext)             [.pdf,.png,.jpg,.mps,.jpeg,.jbig2,.jb2,.PDF,.PNG,.JPG,.JPEG,.JBIG2,.JB2,.eps]
(grfext)             \AppendGraphicsExtensions on input line 456.
 (d:/Program Files/texlive/2019/texmf-dist/tex/latex/latexconfig/epstopdf-sys.cfg
File: epstopdf-sys.cfg 2010/07/13 v1.3 Configuration of (r)epstopdf for TeX Live
))
*geometry* driver: auto-detecting
*geometry* detected driver: pdftex
*geometry* verbose mode - [ preamble ] result:
* driver: pdftex
* paper: <default>
* layout: <same size as paper>
* layoutoffset:(h,v)=(0.0pt,0.0pt)
* modes: 
* h-part:(L,W,R)=(92.14519pt, 430.00462pt, 92.14519pt)
* v-part:(T,H,B)=(95.39737pt, 556.47656pt, 143.09605pt)
* \paperwidth=614.295pt
* \paperheight=794.96999pt
* \textwidth=430.00462pt
* \textheight=556.47656pt
* \oddsidemargin=19.8752pt
* \evensidemargin=19.8752pt
* \topmargin=-13.87262pt
* \headheight=12.0pt
* \headsep=25.0pt
* \topskip=10.0pt
* \footskip=30.0pt
* \marginparwidth=65.0pt
* \marginparsep=11.0pt
* \columnsep=10.0pt
* \skip\footins=9.0pt plus 4.0pt minus 2.0pt
* \hoffset=0.0pt
* \voffset=0.0pt
* \mag=1000
* \@twocolumnfalse
* \@twosidefalse
* \@mparswitchfalse
* \@reversemarginfalse
* (1in=72.27pt=25.4mm, 1cm=28.453pt)

\AtBeginShipoutBox=\box37
Package hyperref Info: Link coloring ON on input line 24.
(d:/Program Files/texlive/2019/texmf-dist/tex/latex/hyperref/nameref.sty
Package: nameref 2016/05/21 v2.44 Cross-referencing by name of section
 (d:/Program Files/texlive/2019/texmf-dist/tex/generic/oberdiek/gettitlestring.sty
Package: gettitlestring 2016/05/16 v1.5 Cleanup title references (HO)
)
\c@section@level=\count130
)
LaTeX Info: Redefining \ref on input line 24.
LaTeX Info: Redefining \pageref on input line 24.
LaTeX Info: Redefining \nameref on input line 24.
 (./lab4_518021911220_KangJiaming.out) (./lab4_518021911220_KangJiaming.out)
\@outlinefile=\write3
\openout3 = `lab4_518021911220_KangJiaming.out'.

 (d:/Program Files/texlive/2019/texmf-dist/tex/latex/oberdiek/pdflscape.sty
Package: pdflscape 2016/05/14 v0.11 Display of landscape pages in PDF (HO)
 (d:/Program Files/texlive/2019/texmf-dist/tex/latex/graphics/lscape.sty
Package: lscape 2000/10/22 v3.01 Landscape Pages (DPC)
)
Package pdflscape Info: Auto-detected driver: pdftex on input line 81.
)
LaTeX Font Info:    Try loading font information for U+msa on input line 57.
 (d:/Program Files/texlive/2019/texmf-dist/tex/latex/amsfonts/umsa.fd
File: umsa.fd 2013/01/14 v3.01 AMS symbols A
)
LaTeX Font Info:    Try loading font information for U+msb on input line 57.
 (d:/Program Files/texlive/2019/texmf-dist/tex/latex/amsfonts/umsb.fd
File: umsb.fd 2013/01/14 v3.01 AMS symbols B
) [1

{d:/Program Files/texlive/2019/texmf-var/fonts/map/pdftex/updmap/pdftex.map}] (./lab4_518021911220_KangJiaming.toc)
\tf@toc=\write4
\openout4 = `lab4_518021911220_KangJiaming.toc'.

 [0]
<polar.png, id=202, 238.18988pt x 124.0635pt>
File: polar.png Graphic file (type png)
<use polar.png>
Package pdftex.def Info: polar.png  used on input line 100.
(pdftex.def)             Requested size: 238.18929pt x 124.06319pt.
pdfTeX warning (ext4): destination with the same identifier (name{page.1}) has been already used, duplicate ignored
<to be read again> 
                   \relax 
l.103 
       [1]
<crystal.png, id=213, 196.03238pt x 158.69287pt>
File: crystal.png Graphic file (type png)
<use crystal.png>
Package pdftex.def Info: crystal.png  used on input line 127.
(pdftex.def)             Requested size: 196.03189pt x 158.69247pt.
 [2 <./polar.PNG>]

LaTeX Warning: The counter will not be printed.
             The label is: $\blacktriangleright $ on input line 133.


LaTeX Warning: The counter will not be printed.
             The label is: $\blacktriangleright $ on input line 147.

[3 <./crystal.PNG>] [4] [5]
<1.png, id=281, 774.7344pt x 592.8549pt>
File: 1.png Graphic file (type png)
<use 1.png>
Package pdftex.def Info: 1.png  used on input line 282.
(pdftex.def)             Requested size: 387.36626pt x 296.42673pt.
 [6] [7 <./1.png>]
<2.png, id=296, 774.7344pt x 592.8549pt>
File: 2.png Graphic file (type png)
<use 2.png>
Package pdftex.def Info: 2.png  used on input line 314.
(pdftex.def)             Requested size: 387.36626pt x 296.42673pt.


Package hyperref Warning: Token not allowed in a PDF string (PDFDocEncoding):
(hyperref)                removing `math shift' on input line 323.


Package hyperref Warning: Token not allowed in a PDF string (PDFDocEncoding):
(hyperref)                removing `superscript' on input line 323.


Package hyperref Warning: Token not allowed in a PDF string (PDFDocEncoding):
(hyperref)                removing `\circ' on input line 323.


Package hyperref Warning: Token not allowed in a PDF string (PDFDocEncoding):
(hyperref)                removing `math shift' on input line 323.

[8 <./2.png>] [9]
<3.png, id=314, 774.7344pt x 592.8549pt>
File: 3.png Graphic file (type png)
<use 3.png>
Package pdftex.def Info: 3.png  used on input line 393.
(pdftex.def)             Requested size: 348.62726pt x 266.78224pt.
 [10]

Package hyperref Warning: Token not allowed in a PDF string (PDFDocEncoding):
(hyperref)                removing `math shift' on input line 398.


Package hyperref Warning: Token not allowed in a PDF string (PDFDocEncoding):
(hyperref)                removing `superscript' on input line 398.


Package hyperref Warning: Token not allowed in a PDF string (PDFDocEncoding):
(hyperref)                removing `\circ' on input line 398.


Package hyperref Warning: Token not allowed in a PDF string (PDFDocEncoding):
(hyperref)                removing `math shift' on input line 398.

[11 <./3.png>] [12]
<4.jpg, id=337, 3224.045pt x 2470.22874pt>
File: 4.jpg Graphic file (type jpg)
<use 4.jpg>
Package pdftex.def Info: 4.jpg  used on input line 466.
(pdftex.def)             Requested size: 386.86871pt x 296.41466pt.
 [13]

Package hyperref Warning: Token not allowed in a PDF string (PDFDocEncoding):
(hyperref)                removing `math shift' on input line 471.


Package hyperref Warning: Token not allowed in a PDF string (PDFDocEncoding):
(hyperref)                removing `superscript' on input line 471.


Package hyperref Warning: Token not allowed in a PDF string (PDFDocEncoding):
(hyperref)                removing `\circ' on input line 471.


Package hyperref Warning: Token not allowed in a PDF string (PDFDocEncoding):
(hyperref)                removing `math shift' on input line 471.

[14 <./4.jpg>] [15]
<5.png, id=357, 774.7344pt x 592.8549pt>
File: 5.png Graphic file (type png)
<use 5.png>
Package pdftex.def Info: 5.png  used on input line 539.
(pdftex.def)             Requested size: 348.62726pt x 266.78224pt.
 [16]
<6.png, id=364, 774.7344pt x 592.8549pt>
File: 6.png Graphic file (type png)
<use 6.png>
Package pdftex.def Info: 6.png  used on input line 546.
(pdftex.def)             Requested size: 348.62726pt x 266.78224pt.
 [17 <./5.png>]

Package hyperref Warning: Token not allowed in a PDF string (PDFDocEncoding):
(hyperref)                removing `math shift' on input line 550.


Package hyperref Warning: Token not allowed in a PDF string (PDFDocEncoding):
(hyperref)                removing `superscript' on input line 550.


Package hyperref Warning: Token not allowed in a PDF string (PDFDocEncoding):
(hyperref)                removing `\circ' on input line 550.


Package hyperref Warning: Token not allowed in a PDF string (PDFDocEncoding):
(hyperref)                removing `math shift' on input line 550.

[18 <./6.png>]

Package hyperref Warning: Token not allowed in a PDF string (PDFDocEncoding):
(hyperref)                removing `math shift' on input line 584.


Package hyperref Warning: Token not allowed in a PDF string (PDFDocEncoding):
(hyperref)                removing `superscript' on input line 584.


Package hyperref Warning: Token not allowed in a PDF string (PDFDocEncoding):
(hyperref)                removing `\circ' on input line 584.


Package hyperref Warning: Token not allowed in a PDF string (PDFDocEncoding):
(hyperref)                removing `math shift' on input line 584.


Package hyperref Warning: Token not allowed in a PDF string (PDFDocEncoding):
(hyperref)                removing `math shift' on input line 589.


Package hyperref Warning: Token not allowed in a PDF string (PDFDocEncoding):
(hyperref)                removing `superscript' on input line 589.


Package hyperref Warning: Token not allowed in a PDF string (PDFDocEncoding):
(hyperref)                removing `\circ' on input line 589.


Package hyperref Warning: Token not allowed in a PDF string (PDFDocEncoding):
(hyperref)                removing `math shift' on input line 589.


Package hyperref Warning: Token not allowed in a PDF string (PDFDocEncoding):
(hyperref)                removing `math shift' on input line 594.


Package hyperref Warning: Token not allowed in a PDF string (PDFDocEncoding):
(hyperref)                removing `superscript' on input line 594.


Package hyperref Warning: Token not allowed in a PDF string (PDFDocEncoding):
(hyperref)                removing `\circ' on input line 594.


Package hyperref Warning: Token not allowed in a PDF string (PDFDocEncoding):
(hyperref)                removing `math shift' on input line 594.


Package hyperref Warning: Token not allowed in a PDF string (PDFDocEncoding):
(hyperref)                removing `math shift' on input line 598.


Package hyperref Warning: Token not allowed in a PDF string (PDFDocEncoding):
(hyperref)                removing `superscript' on input line 598.


Package hyperref Warning: Token not allowed in a PDF string (PDFDocEncoding):
(hyperref)                removing `\circ' on input line 598.


Package hyperref Warning: Token not allowed in a PDF string (PDFDocEncoding):
(hyperref)                removing `math shift' on input line 598.

[19] [20]
Underfull \hbox (badness 10000) in paragraph at lines 646--648

 []

[21] [22]
<lab4datasheet.pdf, id=418, 516.93124pt x 722.7pt>
File: lab4datasheet.pdf Graphic file (type pdf)
<use lab4datasheet.pdf>
Package pdftex.def Info: lab4datasheet.pdf  used on input line 745.
(pdftex.def)             Requested size: 516.92998pt x 722.69823pt.
File: lab4datasheet.pdf Graphic file (type pdf)
<use lab4datasheet.pdf>
Package pdftex.def Info: lab4datasheet.pdf  used on input line 745.
(pdftex.def)             Requested size: 516.92998pt x 722.69823pt.
<lab4datasheet.pdf, id=421, page=1, 516.93124pt x 722.7pt>
File: lab4datasheet.pdf Graphic file (type pdf)
<use lab4datasheet.pdf, page 1>
Package pdftex.def Info: lab4datasheet.pdf , page1 used on input line 745.
(pdftex.def)             Requested size: 516.92998pt x 722.69823pt.
File: lab4datasheet.pdf Graphic file (type pdf)
<use lab4datasheet.pdf, page 1>
Package pdftex.def Info: lab4datasheet.pdf , page1 used on input line 745.
(pdftex.def)             Requested size: 569.17038pt x 795.73335pt.
 [23]
File: lab4datasheet.pdf Graphic file (type pdf)
<use lab4datasheet.pdf, page 1>
Package pdftex.def Info: lab4datasheet.pdf , page1 used on input line 745.
(pdftex.def)             Requested size: 569.17038pt x 795.73335pt.
File: lab4datasheet.pdf Graphic file (type pdf)
<use lab4datasheet.pdf, page 1>
Package pdftex.def Info: lab4datasheet.pdf , page1 used on input line 745.
(pdftex.def)             Requested size: 569.17038pt x 795.73335pt.
File: lab4datasheet.pdf Graphic file (type pdf)
<use lab4datasheet.pdf, page 1>
Package pdftex.def Info: lab4datasheet.pdf , page1 used on input line 745.
(pdftex.def)             Requested size: 569.17038pt x 795.73335pt.
 [24 <./lab4datasheet.pdf>]
<lab4datasheet.pdf, id=432, page=2, 506.89375pt x 722.7pt>
File: lab4datasheet.pdf Graphic file (type pdf)
<use lab4datasheet.pdf, page 2>
Package pdftex.def Info: lab4datasheet.pdf , page2 used on input line 745.
(pdftex.def)             Requested size: 558.11855pt x 795.73335pt.
File: lab4datasheet.pdf Graphic file (type pdf)
<use lab4datasheet.pdf, page 2>
Package pdftex.def Info: lab4datasheet.pdf , page2 used on input line 745.
(pdftex.def)             Requested size: 558.11855pt x 795.73335pt.
File: lab4datasheet.pdf Graphic file (type pdf)
<use lab4datasheet.pdf, page 2>
Package pdftex.def Info: lab4datasheet.pdf , page2 used on input line 745.
(pdftex.def)             Requested size: 558.11855pt x 795.73335pt.
 [25 <./lab4datasheet.pdf>]
<lab4datasheet.pdf, id=438, page=3, 536.0025pt x 722.7pt>
File: lab4datasheet.pdf Graphic file (type pdf)
<use lab4datasheet.pdf, page 3>
Package pdftex.def Info: lab4datasheet.pdf , page3 used on input line 745.
(pdftex.def)             Requested size: 590.1689pt x 795.73335pt.
File: lab4datasheet.pdf Graphic file (type pdf)
<use lab4datasheet.pdf, page 3>
Package pdftex.def Info: lab4datasheet.pdf , page3 used on input line 745.
(pdftex.def)             Requested size: 590.1689pt x 795.73335pt.
File: lab4datasheet.pdf Graphic file (type pdf)
<use lab4datasheet.pdf, page 3>
Package pdftex.def Info: lab4datasheet.pdf , page3 used on input line 745.
(pdftex.def)             Requested size: 590.1689pt x 795.73335pt.
 [26 <./lab4datasheet.pdf>]
<lab4datasheet.pdf, id=444, page=4, 524.96124pt x 722.7pt>
File: lab4datasheet.pdf Graphic file (type pdf)
<use lab4datasheet.pdf, page 4>
Package pdftex.def Info: lab4datasheet.pdf , page4 used on input line 745.
(pdftex.def)             Requested size: 578.01186pt x 795.73335pt.
File: lab4datasheet.pdf Graphic file (type pdf)
<use lab4datasheet.pdf, page 4>
Package pdftex.def Info: lab4datasheet.pdf , page4 used on input line 745.
(pdftex.def)             Requested size: 578.01186pt x 795.73335pt.
File: lab4datasheet.pdf Graphic file (type pdf)
<use lab4datasheet.pdf, page 4>
Package pdftex.def Info: lab4datasheet.pdf , page4 used on input line 745.
(pdftex.def)             Requested size: 578.01186pt x 795.73335pt.
 [27 <./lab4datasheet.pdf>]
<lab4datasheet.pdf, id=450, page=5, 524.96124pt x 722.7pt>
File: lab4datasheet.pdf Graphic file (type pdf)
<use lab4datasheet.pdf, page 5>
Package pdftex.def Info: lab4datasheet.pdf , page5 used on input line 745.
(pdftex.def)             Requested size: 578.01186pt x 795.73335pt.
File: lab4datasheet.pdf Graphic file (type pdf)
<use lab4datasheet.pdf, page 5>
Package pdftex.def Info: lab4datasheet.pdf , page5 used on input line 745.
(pdftex.def)             Requested size: 578.01186pt x 795.73335pt.
File: lab4datasheet.pdf Graphic file (type pdf)
<use lab4datasheet.pdf, page 5>
Package pdftex.def Info: lab4datasheet.pdf , page5 used on input line 745.
(pdftex.def)             Requested size: 578.01186pt x 795.73335pt.
 [28 <./lab4datasheet.pdf>]
Package atveryend Info: Empty hook `BeforeClearDocument' on input line 747.
Package atveryend Info: Empty hook `AfterLastShipout' on input line 747.
 (./lab4_518021911220_KangJiaming.aux)
Package atveryend Info: Executing hook `AtVeryEndDocument' on input line 747.
Package atveryend Info: Executing hook `AtEndAfterFileList' on input line 747.
Package rerunfilecheck Info: File `lab4_518021911220_KangJiaming.out' has not changed.
(rerunfilecheck)             Checksum: 4C27DE759FF7A53533BC572F14AEA4B4;2884.
Package atveryend Info: Empty hook `AtVeryVeryEnd' on input line 747.
 ) 
Here is how much of TeX's memory you used:
 7809 strings out of 492623
 113773 string characters out of 6126682
 221222 words of memory out of 5000000
 11453 multiletter control sequences out of 15000+600000
 16012 words of font info for 59 fonts, out of 8000000 for 9000
 1141 hyphenation exceptions out of 8191
 40i,18n,46p,1025b,459s stack positions out of 5000i,500n,10000p,200000b,80000s
<d:/Program Files/texlive/2019/texmf-dist/fonts/type1/public/amsfonts/cm/cmbx10.pfb><d:/Program Files/texlive/2019/texmf-dist/fonts/type1/public/amsfonts/cm/cmbx12.pfb><d:/Program Files/texlive/2019/texmf-dist/fonts/type1/public/amsfonts/cm/cmbx9.pfb><d:/Program Files/texlive/2019/texmf-dist/fonts/type1/public/amsfonts/cm/cmbxti10.pfb><d:/Program Files/texlive/2019/texmf-dist/fonts/type1/public/amsfonts/cm/cmcsc10.pfb><d:/Program Files/texlive/2019/texmf-dist/fonts/type1/public/amsfonts/cm/cmex10.pfb><d:/Program Files/texlive/2019/texmf-dist/fonts/type1/public/amsfonts/cmextra/cmex9.pfb><d:/Program Files/texlive/2019/texmf-dist/fonts/type1/public/amsfonts/cm/cmmi10.pfb><d:/Program Files/texlive/2019/texmf-dist/fonts/type1/public/amsfonts/cm/cmmi6.pfb><d:/Program Files/texlive/2019/texmf-dist/fonts/type1/public/amsfonts/cm/cmmi7.pfb><d:/Program Files/texlive/2019/texmf-dist/fonts/type1/public/amsfonts/cm/cmmi9.pfb><d:/Program Files/texlive/2019/texmf-dist/fonts/type1/public/amsfonts/cm/cmr10.pfb><d:/Program Files/texlive/2019/texmf-dist/fonts/type1/public/amsfonts/cm/cmr5.pfb><d:/Program Files/texlive/2019/texmf-dist/fonts/type1/public/amsfonts/cm/cmr6.pfb><d:/Program Files/texlive/2019/texmf-dist/fonts/type1/public/amsfonts/cm/cmr7.pfb><d:/Program Files/texlive/2019/texmf-dist/fonts/type1/public/amsfonts/cm/cmr9.pfb><d:/Program Files/texlive/2019/texmf-dist/fonts/type1/public/amsfonts/cm/cmsy10.pfb><d:/Program Files/texlive/2019/texmf-dist/fonts/type1/public/amsfonts/cm/cmsy6.pfb><d:/Program Files/texlive/2019/texmf-dist/fonts/type1/public/amsfonts/cm/cmsy7.pfb><d:/Program Files/texlive/2019/texmf-dist/fonts/type1/public/amsfonts/cm/cmsy9.pfb><d:/Program Files/texlive/2019/texmf-dist/fonts/type1/public/amsfonts/cm/cmti10.pfb><d:/Program Files/texlive/2019/texmf-dist/fonts/type1/public/amsfonts/cm/cmti9.pfb><d:/Program Files/texlive/2019/texmf-dist/fonts/type1/public/amsfonts/symbols/msam10.pfb>
Output written on lab4_518021911220_KangJiaming.pdf (30 pages, 4100027 bytes).
PDF statistics:
 557 PDF objects out of 1000 (max. 8388607)
 469 compressed objects within 5 object streams
 124 named destinations out of 1000 (max. 500000)
 369 words of extra memory for PDF output out of 10000 (max. 10000000)

