\BOOKMARK [1][-]{section.1}{Introduction}{}% 1
\BOOKMARK [2][-]{subsection.1.1}{Polarization of Light}{section.1}% 2
\BOOKMARK [2][-]{subsection.1.2}{Polarizer}{section.1}% 3
\BOOKMARK [2][-]{subsection.1.3}{Malus' Law}{section.1}% 4
\BOOKMARK [2][-]{subsection.1.4}{Generation of Elliptically and Circularly Polarized Light. Half-wave and Quarter-wave Plates}{section.1}% 5
\BOOKMARK [1][-]{section.2}{Experimental Setup}{}% 6
\BOOKMARK [2][-]{subsection.2.1}{Apparatus}{section.2}% 7
\BOOKMARK [1][-]{section.3}{Measurement Procedure}{}% 8
\BOOKMARK [2][-]{subsection.3.1}{Apparatus Adjustment}{section.3}% 9
\BOOKMARK [2][-]{subsection.3.2}{Demonstration of Malus' Law}{section.3}% 10
\BOOKMARK [2][-]{subsection.3.3}{Linearly Polarized Light and the Half-wave Plate}{section.3}% 11
\BOOKMARK [2][-]{subsection.3.4}{Circularly and Elliptically Polarized Light and the 1/4-wave Plate}{section.3}% 12
\BOOKMARK [1][-]{section.4}{Results}{}% 13
\BOOKMARK [2][-]{subsection.4.1}{Demonstration of Malus' Law}{section.4}% 14
\BOOKMARK [2][-]{subsection.4.2}{Linearly Polarized Light and the Half-wave Plate}{section.4}% 15
\BOOKMARK [2][-]{subsection.4.3}{Circularly and Elliptically Polarized Light and the 1/4-wave Plate}{section.4}% 16
\BOOKMARK [3][-]{subsubsection.4.3.1}{Rotation Angle: 0}{subsection.4.3}% 17
\BOOKMARK [3][-]{subsubsection.4.3.2}{Rotation Angle: 20}{subsection.4.3}% 18
\BOOKMARK [3][-]{subsubsection.4.3.3}{Rotation Angle: 45}{subsection.4.3}% 19
\BOOKMARK [3][-]{subsubsection.4.3.4}{Rotation Angle: 70}{subsection.4.3}% 20
\BOOKMARK [1][-]{section.5}{Discussion and Conclusions}{}% 21
\BOOKMARK [2][-]{subsection.5.1}{Demonstration of Malus' Law}{section.5}% 22
\BOOKMARK [2][-]{subsection.5.2}{Linearly Polarized Light and the Half-wave Plate}{section.5}% 23
\BOOKMARK [2][-]{subsection.5.3}{Circularly and Elliptically Polarized Light and the 1/4-wave Plate}{section.5}% 24
\BOOKMARK [3][-]{subsubsection.5.3.1}{Rotation Angle: 0}{subsection.5.3}% 25
\BOOKMARK [3][-]{subsubsection.5.3.2}{Rotation Angle: 20}{subsection.5.3}% 26
\BOOKMARK [3][-]{subsubsection.5.3.3}{Rotation Angle: 45}{subsection.5.3}% 27
\BOOKMARK [3][-]{subsubsection.5.3.4}{Rotation Angle: 70}{subsection.5.3}% 28
\BOOKMARK [2][-]{subsection.5.4}{Causes for errors and uncertainties}{section.5}% 29
\BOOKMARK [2][-]{subsection.5.5}{Suggestions}{section.5}% 30
\BOOKMARK [2][-]{subsection.5.6}{Conclusions}{section.5}% 31
\BOOKMARK [1][-]{appendix.A}{Measurement Uncertainty Analysis}{}% 32
\BOOKMARK [2][-]{subsection.A.1}{Uncertainty for Data in Demonstration of Malus' Law}{appendix.A}% 33
\BOOKMARK [2][-]{subsection.A.2}{Uncertainty for Linearly Polarized Light and the Half-wave Plate}{appendix.A}% 34
\BOOKMARK [2][-]{subsection.A.3}{Uncertainty for Circularly and Elliptically Polarized Light and the 1/4-wave Plate}{appendix.A}% 35
\BOOKMARK [1][-]{appendix.B}{Data Sheet}{}% 36
