\BOOKMARK [1][-]{section.1}{Introduction}{}% 1
\BOOKMARK [2][-]{subsection.1.1}{Hall Effect}{section.1}% 2
\BOOKMARK [2][-]{subsection.1.2}{Integrated Hall Probe}{section.1}% 3
\BOOKMARK [2][-]{subsection.1.3}{Magnetic Field Distribution Inside a Solenoid}{section.1}% 4
\BOOKMARK [1][-]{section.2}{Experimental Setup}{}% 5
\BOOKMARK [1][-]{section.3}{Measurement Procedure}{}% 6
\BOOKMARK [2][-]{subsection.3.1}{Relation Between Sensitivity KH and Working Voltage US}{section.3}% 7
\BOOKMARK [2][-]{subsection.3.2}{Relation Between Output Voltage U and Magnetic Field B}{section.3}% 8
\BOOKMARK [2][-]{subsection.3.3}{Magnetic Field Distribution Inside the Solenoid}{section.3}% 9
\BOOKMARK [1][-]{section.4}{Results}{}% 10
\BOOKMARK [2][-]{subsection.4.1}{Relation Between Sensitivity KH and Working Voltage US}{section.4}% 11
\BOOKMARK [2][-]{subsection.4.2}{Relation Between Output Voltage U and Magnetic Field B}{section.4}% 12
\BOOKMARK [2][-]{subsection.4.3}{Magnetic Field Distribution Inside the Solenoid}{section.4}% 13
\BOOKMARK [1][-]{section.5}{Conclusions and Discussion}{}% 14
\BOOKMARK [2][-]{subsection.5.1}{Relation Between Sensitivity KH and Working Voltage US}{section.5}% 15
\BOOKMARK [2][-]{subsection.5.2}{Relation Between Output Voltage U and Magnetic Field B}{section.5}% 16
\BOOKMARK [2][-]{subsection.5.3}{Magnetic Field Distribution Inside the Solenoid}{section.5}% 17
\BOOKMARK [1][-]{section.6}{Reference}{}% 18
\BOOKMARK [1][-]{appendix.A}{Measurement Uncertainty Analysis}{}% 19
\BOOKMARK [2][-]{subsection.A.1}{Uncertainty of Sensitivity KH and Voltage Measurements}{appendix.A}% 20
\BOOKMARK [2][-]{subsection.A.2}{Uncertainty of Input Current IM, Output Voltage U and Magnetic Field B}{appendix.A}% 21
\BOOKMARK [2][-]{subsection.A.3}{Uncertainty of Magnetic Field Inside the Solenoid Measurement}{appendix.A}% 22
\BOOKMARK [1][-]{appendix.B}{Data Sheet}{}% 23
