\BOOKMARK [1][-]{section.1}{Introduction}{}% 1
\BOOKMARK [2][-]{subsection.1.1}{Objectives}{section.1}% 2
\BOOKMARK [2][-]{subsection.1.2}{RC, RL, RLC Series Circuits}{section.1}% 3
\BOOKMARK [3][-]{subsubsection.1.2.1}{RC Series Circuit}{subsection.1.2}% 4
\BOOKMARK [3][-]{subsubsection.1.2.2}{RL Series Circuit}{subsection.1.2}% 5
\BOOKMARK [3][-]{subsubsection.1.2.3}{RLC Series Circuit}{subsection.1.2}% 6
\BOOKMARK [2][-]{subsection.1.3}{RLC Resonant Circuit}{section.1}% 7
\BOOKMARK [3][-]{subsubsection.1.3.1}{Phase Shift and Resonance Frequency}{subsection.1.3}% 8
\BOOKMARK [3][-]{subsubsection.1.3.2}{Quality Factor in Resonant Circuits}{subsection.1.3}% 9
\BOOKMARK [1][-]{section.2}{Apparatus}{}% 10
\BOOKMARK [1][-]{section.3}{Measurement Procedure}{}% 11
\BOOKMARK [2][-]{subsection.3.1}{RC, RL Series Circuit}{section.3}% 12
\BOOKMARK [2][-]{subsection.3.2}{RLC Series Circuit}{section.3}% 13
\BOOKMARK [2][-]{subsection.3.3}{RLC Resonant Circuit}{section.3}% 14
\BOOKMARK [1][-]{section.4}{Results}{}% 15
\BOOKMARK [2][-]{subsection.4.1}{RC Series Circuit}{section.4}% 16
\BOOKMARK [2][-]{subsection.4.2}{RL Series Circuit}{section.4}% 17
\BOOKMARK [2][-]{subsection.4.3}{RLC Series Circuit}{section.4}% 18
\BOOKMARK [2][-]{subsection.4.4}{RLC Resonant Circuit}{section.4}% 19
\BOOKMARK [3][-]{subsubsection.4.4.1}{Relation of I/Im vs. f/f0 and \040vs. f/f0}{subsection.4.4}% 20
\BOOKMARK [3][-]{subsubsection.4.4.2}{Resonance Frequency f0 and Quality Factor Q}{subsection.4.4}% 21
\BOOKMARK [1][-]{section.5}{Conclusions and Discussion}{}% 22
\BOOKMARK [2][-]{subsection.5.1}{RC, RL and RLC Series Circuits}{section.5}% 23
\BOOKMARK [2][-]{subsection.5.2}{RLC Resonant Circuit}{section.5}% 24
\BOOKMARK [2][-]{subsection.5.3}{Suggestions and Improvement}{section.5}% 25
\BOOKMARK [2][-]{subsection.5.4}{Conclusions}{section.5}% 26
\BOOKMARK [1][-]{appendix.A}{Measurement Uncertainty Analysis}{}% 27
\BOOKMARK [2][-]{subsection.A.1}{Uncertainty of Data for RC Circuit}{appendix.A}% 28
\BOOKMARK [2][-]{subsection.A.2}{Uncertainty of Data for RL Circuit}{appendix.A}% 29
\BOOKMARK [2][-]{subsection.A.3}{Uncertainty of Data for RLC Circuit}{appendix.A}% 30
\BOOKMARK [2][-]{subsection.A.4}{Uncertainty of Data for RLC Resonant Circuit}{appendix.A}% 31
\BOOKMARK [1][-]{appendix.B}{Data Sheet}{}% 32
